0 info it worked if it ends with ok
1 verbose cli [ '/Users/zhengyuanjie/.nvm/versions/node/v6.10.2/bin/node',
1 verbose cli   '/Users/zhengyuanjie/.nvm/versions/node/v6.10.2/bin/npm',
1 verbose cli   'run',
1 verbose cli   'test' ]
2 info using npm@3.10.10
3 info using node@v6.10.2
4 verbose run-script [ 'pretest', 'test', 'posttest' ]
5 info lifecycle test@1.0.0~pretest: test@1.0.0
6 silly lifecycle test@1.0.0~pretest: no script for pretest, continuing
7 info lifecycle test@1.0.0~test: test@1.0.0
8 verbose lifecycle test@1.0.0~test: unsafe-perm in lifecycle true
9 verbose lifecycle test@1.0.0~test: PATH: /Users/zhengyuanjie/.nvm/versions/node/v6.10.2/lib/node_modules/npm/bin/node-gyp-bin:/Users/zhengyuanjie/Desktop/Nodejs/test/node_modules/.bin:/Users/zhengyuanjie/.rvm/gems/ruby-2.4.1/bin:/Users/zhengyuanjie/.rvm/gems/ruby-2.4.1@global/bin:/Users/zhengyuanjie/.rvm/rubies/ruby-2.4.1/bin:/usr/local/Cellar/pyenv-virtualenv/1.1.3/shims:/Users/zhengyuanjie/.pyenv/shims:/Users/zhengyuanjie/.nvm/versions/node/v6.10.2/bin:/Users/zhengyuanjie/.cargo/bin:/usr/local/bin:/usr/bin:/bin:/usr/sbin:/sbin:/opt/X11/bin:/Library/Frameworks/Mono.framework/Versions/Current/Commands:/Applications/Postgres.app/Contents/Versions/latest/bin:/Users/zhengyuanjie/.rvm/gems/ruby-2.4.1/bin:/Users/zhengyuanjie/.rvm/gems/ruby-2.4.1@global/bin:/Users/zhengyuanjie/.rvm/rubies/ruby-2.4.1/bin:/usr/local/Cellar/pyenv-virtualenv/1.1.3/shims:/Users/zhengyuanjie/.pyenv/shims:/Users/zhengyuanjie/.cargo/bin:/Users/zhengyuanjie/Desktop/webassembly/emsdk:/Users/zhengyuanjie/Desktop/webassembly/emsdk/clang/fastcomp/build_incoming_64/bin:/Users/zhengyuanjie/Desktop/webassembly/emsdk/node/4.1.1_64bit/bin:/Users/zhengyuanjie/Desktop/webassembly/emsdk/emscripten/incoming:/Users/zhengyuanjie/Desktop/webassembly/emsdk/binaryen/master:/Users/zhengyuanjie/Library/Android/sdk/tools:/Users/zhengyuanjie/Library/Android/sdk/platform-tools:/Users/zhengyuanjie/.rvm/bin:/Users/zhengyuanjie/Desktop/Nodejs/chromium/depot_tools:/Users/zhengyuanjie/Desktop/webassembly/emsdk:/Users/zhengyuanjie/Desktop/webassembly/emsdk:/Users/zhengyuanjie/Desktop/webassembly/emsdk/clang/fastcomp/build_incoming_64/bin:/Users/zhengyuanjie/Desktop/webassembly/emsdk/node/4.1.1_64bit/bin:/Users/zhengyuanjie/Desktop/webassembly/emsdk/emscripten/incoming:/Users/zhengyuanjie/Desktop/webassembly/emsdk/binaryen/master:/Users/zhengyuanjie/Library/Android/sdk/tools:/Users/zhengyuanjie/Library/Android/sdk/platform-tools:/Users/zhengyuanjie/.cargo/bin:/Users/zhengyuanjie/.rvm/bin:/Users/zhengyuanjie/Desktop/Nodejs/chromium/depot_tools
10 verbose lifecycle test@1.0.0~test: CWD: /Users/zhengyuanjie/Desktop/Nodejs/test
11 silly lifecycle test@1.0.0~test: Args: [ '-c', 'jest' ]
12 silly lifecycle test@1.0.0~test: Returned: code: 1  signal: null
13 info lifecycle test@1.0.0~test: Failed to exec test script
14 verbose stack Error: test@1.0.0 test: `jest`
14 verbose stack Exit status 1
14 verbose stack     at EventEmitter.<anonymous> (/Users/zhengyuanjie/.nvm/versions/node/v6.10.2/lib/node_modules/npm/lib/utils/lifecycle.js:255:16)
14 verbose stack     at emitTwo (events.js:106:13)
14 verbose stack     at EventEmitter.emit (events.js:191:7)
14 verbose stack     at ChildProcess.<anonymous> (/Users/zhengyuanjie/.nvm/versions/node/v6.10.2/lib/node_modules/npm/lib/utils/spawn.js:40:14)
14 verbose stack     at emitTwo (events.js:106:13)
14 verbose stack     at ChildProcess.emit (events.js:191:7)
14 verbose stack     at maybeClose (internal/child_process.js:886:16)
14 verbose stack     at Process.ChildProcess._handle.onexit (internal/child_process.js:226:5)
15 verbose pkgid test@1.0.0
16 verbose cwd /Users/zhengyuanjie/Desktop/Nodejs/test
17 error Darwin 17.5.0
18 error argv "/Users/zhengyuanjie/.nvm/versions/node/v6.10.2/bin/node" "/Users/zhengyuanjie/.nvm/versions/node/v6.10.2/bin/npm" "run" "test"
19 error node v6.10.2
20 error npm  v3.10.10
21 error code ELIFECYCLE
22 error test@1.0.0 test: `jest`
22 error Exit status 1
23 error Failed at the test@1.0.0 test script 'jest'.
23 error Make sure you have the latest version of node.js and npm installed.
23 error If you do, this is most likely a problem with the test package,
23 error not with npm itself.
23 error Tell the author that this fails on your system:
23 error     jest
23 error You can get information on how to open an issue for this project with:
23 error     npm bugs test
23 error Or if that isn't available, you can get their info via:
23 error     npm owner ls test
23 error There is likely additional logging output above.
24 verbose exit [ 1, true ]
